<?xml version="1.0" encoding="UTF-8"?>
<!-- Generated by org.testng.reporters.JUnitReportReporter -->
<testsuite hostname="Manjusha" failures="0" tests="4" name="b_TestRunSequencing.B_dependsOnMethods" time="0.016" errors="0" timestamp="2021-06-07T11:23:59 IST" skipped="0">
  <testcase classname="b_TestRunSequencing.B_dependsOnMethods" name="createCust" time="0.002"/>
  <system-out/>
  <testcase classname="b_TestRunSequencing.B_dependsOnMethods" name="editCust" time="0.010"/>
  <system-out/>
  <testcase classname="b_TestRunSequencing.B_dependsOnMethods" name="modifyCust" time="0.003"/>
  <system-out/>
  <testcase classname="b_TestRunSequencing.B_dependsOnMethods" name="deleteCust" time="0.001"/>
  <system-out/>
</testsuite> <!-- b_TestRunSequencing.B_dependsOnMethods -->
