<?xml version="1.0" encoding="UTF-8"?>
<!-- Generated by org.testng.reporters.JUnitReportReporter -->
<testsuite hostname="Manjusha" failures="0" tests="3" name="e_RunningTestClassesInOrderUsingXML.C" time="0.019" errors="0" timestamp="2021-06-07T11:45:54 IST" skipped="0">
  <testcase classname="e_RunningTestClassesInOrderUsingXML.C" name="createC" time="0.011"/>
  <system-out/>
  <testcase classname="e_RunningTestClassesInOrderUsingXML.C" name="deleteC" time="0.004"/>
  <system-out/>
  <testcase classname="e_RunningTestClassesInOrderUsingXML.C" name="editC" time="0.004"/>
  <system-out/>
</testsuite> <!-- e_RunningTestClassesInOrderUsingXML.C -->
