<?xml version="1.0" encoding="UTF-8"?>
<!-- Generated by org.testng.reporters.JUnitReportReporter -->
<testsuite hostname="Manjusha" failures="0" tests="3" name="e_RunningTestClassesInOrderUsingXML.A" time="0.005" errors="0" timestamp="2021-06-07T11:45:54 IST" skipped="0">
  <testcase classname="e_RunningTestClassesInOrderUsingXML.A" name="deleteA" time="0.002"/>
  <system-out/>
  <testcase classname="e_RunningTestClassesInOrderUsingXML.A" name="editA" time="0.001"/>
  <system-out/>
  <testcase classname="e_RunningTestClassesInOrderUsingXML.A" name="createA" time="0.002"/>
  <system-out/>
</testsuite> <!-- e_RunningTestClassesInOrderUsingXML.A -->
