<?xml version="1.0" encoding="UTF-8"?>
<!-- Generated by org.testng.reporters.JUnitReportReporter -->
<testsuite hostname="Manjusha" failures="0" tests="3" name="c_IgnoringTestMethod.A_IgnoreAMethod" time="0.011" errors="0" timestamp="2021-06-07T11:20:02 IST" skipped="1">
  <testcase classname="c_IgnoringTestMethod.A_IgnoreAMethod" name="createCust" time="0.010"/>
  <system-out/>
  <testcase classname="c_IgnoringTestMethod.A_IgnoreAMethod" name="deleteCust" time="0.001"/>
  <system-out/>
  <testcase classname="c_IgnoringTestMethod.A_IgnoreAMethod" name="editCust">
    <skipped/>
  </testcase> <!-- editCust -->
  <system-out/>
</testsuite> <!-- c_IgnoringTestMethod.A_IgnoreAMethod -->
