<?xml version="1.0" encoding="UTF-8"?>
<!-- Generated by org.testng.reporters.JUnitReportReporter -->
<testsuite hostname="Manjusha" failures="0" tests="4" name="b_TestRunSequencing.A_Priority" time="0.017" errors="0" timestamp="2021-06-03T12:02:27 IST" skipped="0">
  <testcase classname="b_TestRunSequencing.A_Priority" name="createCustomer" time="0.011"/>
  <system-out/>
  <testcase classname="b_TestRunSequencing.A_Priority" name="editCustomer" time="0.002"/>
  <system-out/>
  <testcase classname="b_TestRunSequencing.A_Priority" name="modifyCustomer" time="0.002"/>
  <system-out/>
  <testcase classname="b_TestRunSequencing.A_Priority" name="deleteCustomer" time="0.002"/>
  <system-out/>
</testsuite> <!-- b_TestRunSequencing.A_Priority -->
