<?xml version="1.0" encoding="UTF-8"?>
<!-- Generated by org.testng.reporters.JUnitReportReporter -->
<testsuite hostname="Manjusha" failures="0" tests="3" name="e_RunningTestClassesInOrderUsingXML.B" time="0.005" errors="0" timestamp="2021-06-07T11:45:54 IST" skipped="0">
  <testcase classname="e_RunningTestClassesInOrderUsingXML.B" name="deleteB" time="0.003"/>
  <system-out/>
  <testcase classname="e_RunningTestClassesInOrderUsingXML.B" name="editB" time="0.001"/>
  <system-out/>
  <testcase classname="e_RunningTestClassesInOrderUsingXML.B" name="createB" time="0.001"/>
  <system-out/>
</testsuite> <!-- e_RunningTestClassesInOrderUsingXML.B -->
