<?xml version="1.0" encoding="UTF-8"?>
<!-- Generated by org.testng.reporters.JUnitReportReporter -->
<testsuite hostname="Manjusha" failures="0" tests="4" name="b_TestRunSequencing.Bb_dependsOnMethods_MultiLevel" time="0.016" errors="0" timestamp="2021-06-07T11:31:16 IST" skipped="0">
  <testcase classname="b_TestRunSequencing.Bb_dependsOnMethods_MultiLevel" name="createCust" time="0.012"/>
  <system-out/>
  <testcase classname="b_TestRunSequencing.Bb_dependsOnMethods_MultiLevel" name="editCust" time="0.001"/>
  <system-out/>
  <testcase classname="b_TestRunSequencing.Bb_dependsOnMethods_MultiLevel" name="modifyCust" time="0.002"/>
  <system-out/>
  <testcase classname="b_TestRunSequencing.Bb_dependsOnMethods_MultiLevel" name="deleteCust" time="0.001"/>
  <system-out/>
</testsuite> <!-- b_TestRunSequencing.Bb_dependsOnMethods_MultiLevel -->
