<?xml version="1.0" encoding="UTF-8"?>
<!-- Generated by org.testng.reporters.JUnitReportReporter -->
<testsuite hostname="Manjusha" failures="0" tests="3" name="Annotations.B_B4ClsAftCls_B4MthdAftMthd" time="0.011" errors="0" timestamp="2021-06-03T11:53:13 IST" skipped="0">
  <testcase classname="Annotations.B_B4ClsAftCls_B4MthdAftMthd" name="createCustomer" time="0.006"/>
  <system-out/>
  <testcase classname="Annotations.B_B4ClsAftCls_B4MthdAftMthd" name="editCustomer" time="0.003"/>
  <system-out/>
  <testcase classname="Annotations.B_B4ClsAftCls_B4MthdAftMthd" name="deleteCustomer" time="0.002"/>
  <system-out/>
</testsuite> <!-- Annotations.B_B4ClsAftCls_B4MthdAftMthd -->
