<?xml version="1.0" encoding="UTF-8"?>
<!-- Generated by org.testng.reporters.JUnitReportReporter -->
<testsuite hostname="Manjusha" failures="0" tests="3" name="testNGPackKRN.AtTestAnnotation" time="0.017" errors="0" timestamp="2021-06-03T11:42:15 IST" skipped="0">
  <testcase classname="testNGPackKRN.AtTestAnnotation" name="createCustomer" time="0.011"/>
  <system-out/>
  <testcase classname="testNGPackKRN.AtTestAnnotation" name="editCustomer" time="0.001"/>
  <system-out/>
  <testcase classname="testNGPackKRN.AtTestAnnotation" name="deleteCustomer" time="0.005"/>
  <system-out/>
</testsuite> <!-- testNGPackKRN.AtTestAnnotation -->
